==11376== Memcheck, a memory error detector
==11376== Copyright (C) 2002-2022, and GNU GPL'd, by Julian Seward et al.
==11376== Using Valgrind-3.21.0.GIT-lbmacos-6812b467ee-20230303 and LibVEX; rerun with -h for copyright info
==11376== Command: ./cub3D maps/map_snake.cub
==11376== Parent PID: 4238
==11376== 
--11376-- 
--11376-- Valgrind options:
--11376--    --leak-check=full
--11376--    --log-file=logfile.out
--11376--    -v
--11376-- Output from sysctl({CTL_KERN,KERN_VERSION}):
--11376--   Darwin Kernel Version 19.6.0: Tue Jun 21 21:18:39 PDT 2022; root:xnu-6153.141.66~1/RELEASE_X86_64
--11376-- Arch and hwcaps: AMD64, LittleEndian, amd64-cx16-lzcnt-rdtscp-sse3-ssse3-avx-avx2-bmi-f16c-rdrand-rdseed
--11376-- Page sizes: currently 4096, max supported 4096
--11376-- Valgrind library directory: /Users/gehebert/.brew/Cellar/valgrind/HEAD-6812b46/libexec/valgrind
--11376-- ./cub3D (rx at 0x100000000, rw at 0x100058000)
--11376--    reading syms   from primary file (1721 584)
--11376--    dSYM= ./cub3D.dSYM/Contents/Resources/DWARF/cub3D
--11376--    reading dwarf3 from dsyms file
--11376-- /usr/lib/dyld (rx at 0x10008c000, rw at 0x10011f000)
--11376--    reading syms   from primary file (5 2729)
--11376-- Scheduler: using generic scheduler lock implementation.
--11376-- Reading suppressions file: /Users/gehebert/.brew/Cellar/valgrind/HEAD-6812b46/libexec/valgrind/default.supp
==11376== embedded gdbserver: reading from /var/folders/zz/zyxvpxvq6csfxvn_n000c_wr0032q6/T//vgdb-pipe-from-vgdb-to-11376-by-gehebert-on-???
==11376== embedded gdbserver: writing to   /var/folders/zz/zyxvpxvq6csfxvn_n000c_wr0032q6/T//vgdb-pipe-to-vgdb-from-11376-by-gehebert-on-???
==11376== embedded gdbserver: shared mem   /var/folders/zz/zyxvpxvq6csfxvn_n000c_wr0032q6/T//vgdb-pipe-shared-mem-vgdb-11376-by-gehebert-on-???
==11376== 
==11376== TO CONTROL THIS PROCESS USING vgdb (which you probably
==11376== don't want to do, unless you know exactly what you're doing,
==11376== or are doing some strange experiment):
==11376==   /Users/gehebert/.brew/Cellar/valgrind/HEAD-6812b46/libexec/valgrind/../../bin/vgdb --pid=11376 ...command...
==11376== 
==11376== TO DEBUG THIS PROCESS USING GDB: start GDB like this
==11376==   /path/to/gdb ./cub3D
==11376== and then give GDB the following command
==11376==   target remote | /Users/gehebert/.brew/Cellar/valgrind/HEAD-6812b46/libexec/valgrind/../../bin/vgdb --pid=11376
==11376== --pid is optional if only one valgrind process is running
==11376== 
--11376-- REDIR: 0x1000de340 (dyld:strcmp) redirected to 0x2580591d6 (???)
--11376-- REDIR: 0x1000d8614 (dyld:arc4random) redirected to 0x258059274 (???)
--11376-- REDIR: 0x1000dd720 (dyld:strlen) redirected to 0x2580591a5 (???)
--11376-- REDIR: 0x1000de640 (dyld:strcpy) redirected to 0x2580591f2 (???)
--11376-- REDIR: 0x1000db7ba (dyld:strcat) redirected to 0x2580591b6 (???)
--11376-- REDIR: 0x1000dd51a (dyld:strlcat) redirected to 0x25805920f (???)
--11376-- /Users/gehebert/.brew/Cellar/valgrind/HEAD-6812b46/libexec/valgrind/vgpreload_core-amd64-darwin.so (rx at 0x100192000, rw at 0x100196000)
--11376--    reading syms   from primary file (3 53)
--11376--    dSYM= /Users/gehebert/.brew/Cellar/valgrind/HEAD-6812b46/libexec/valgrind/vgpreload_core-amd64-darwin.so.dSYM/Contents/Resources/DWARF/vgpreload_core-amd64-darwin.so
--11376-- /Users/gehebert/.brew/Cellar/valgrind/HEAD-6812b46/libexec/valgrind/vgpreload_memcheck-amd64-darwin.so (rx at 0x10019e000, rw at 0x1001a6000)
--11376--    reading syms   from primary file (75 62)
--11376--    dSYM= /Users/gehebert/.brew/Cellar/valgrind/HEAD-6812b46/libexec/valgrind/vgpreload_memcheck-amd64-darwin.so.dSYM/Contents/Resources/DWARF/vgpreload_memcheck-amd64-darwin.so
--11376-- /usr/lib/libSystem.B.dylib (rx at 0x1001ae000, rw at 0x1001b0000)
--11376--    reading syms   from primary file (29 8)
--11376-- /System/Library/Frameworks/OpenGL.framework/Versions/A/OpenGL (rx at 0x1001b8000, rw at 0x1001c8000)
--11376--    reading syms   from primary file (80 1)
--11376-- /System/Library/Frameworks/IOKit.framework/Versions/A/IOKit (rx at 0x1001da000, rw at 0x10027f000)
--11376--    reading syms   from primary file (1774 1482)
--11376-- /System/Library/Frameworks/AppKit.framework/Versions/C/AppKit (rx at 0x1002d3000, rw at 0x101092000)
--11376--    reading syms   from primary file (3682 96919)
--11376-- /System/Library/Frameworks/CoreFoundation.framework/Versions/A/CoreFoundation (rx at 0x101b61000, rw at 0x101fe2000)
--11376--    reading syms   from primary file (2854 11191)
--11376-- /System/Library/Frameworks/CoreGraphics.framework/Versions/A/CoreGraphics (rx at 0x1022ab000, rw at 0x102921000)
--11376--    reading syms   from primary file (3462 12576)
--11376-- /System/Library/Frameworks/Foundation.framework/Versions/C/Foundation (rx at 0x102a90000, rw at 0x102e56000)
--11376--    reading syms   from primary file (2943 28651)
--11376-- /usr/lib/libobjc.A.dylib (rx at 0x1031a2000, rw at 0x1031d6000)
--11376--    reading syms   from primary file (382 771)
--11376-- /usr/lib/system/libcache.dylib (rx at 0x1031fa000, rw at 0x103200000)
--11376--    reading syms   from primary file (32 29)
--11376-- /usr/lib/system/libcommonCrypto.dylib (rx at 0x103207000, rw at 0x103213000)
--11376--    reading syms   from primary file (241 173)
--11376-- /usr/lib/system/libcompiler_rt.dylib (rx at 0x103223000, rw at 0x10322b000)
--11376--    reading syms   from primary file (505 8)
--11376-- /usr/lib/system/libcopyfile.dylib (rx at 0x10323b000, rw at 0x103245000)
--11376--    reading syms   from primary file (11 38)
--11376-- /usr/lib/system/libcorecrypto.dylib (rx at 0x10324d000, rw at 0x1032e0000)
--11376--    reading syms   from primary file (586 845)
--11376-- /usr/lib/system/libdispatch.dylib (rx at 0x103300000, rw at 0x103341000)
--11376--    reading syms   from primary file (328 1607)
--11376-- /usr/lib/system/libdyld.dylib (rx at 0x10337e000, rw at 0x1033b5000)
--11376--    reading syms   from primary file (119 1467)
--11376-- /usr/lib/system/libkeymgr.dylib (rx at 0x1033de000, rw at 0x1033df000)
--11376--    reading syms   from primary file (11 2)
--11376-- /usr/lib/system/libmacho.dylib (rx at 0x1033ee000, rw at 0x1033f4000)
--11376--    reading syms   from primary file (105 2)
--11376-- /usr/lib/system/libquarantine.dylib (rx at 0x1033fc000, rw at 0x1033ff000)
--11376--    reading syms   from primary file (91 12)
--11376-- /usr/lib/system/libremovefile.dylib (rx at 0x103407000, rw at 0x103409000)
--11376--    reading syms   from primary file (12 8)
--11376-- /usr/lib/system/libsystem_asl.dylib (rx at 0x103410000, rw at 0x103428000)
--11376--    reading syms   from primary file (219 234)
--11376-- /usr/lib/system/libsystem_blocks.dylib (rx at 0x103438000, rw at 0x103439000)
--11376--    reading syms   from primary file (21 8)
--11376-- /usr/lib/system/libsystem_c.dylib (rx at 0x103440000, rw at 0x1034c8000)
--11376--    reading syms   from primary file (1346 892)
--11376-- /usr/lib/system/libsystem_configuration.dylib (rx at 0x1034f8000, rw at 0x1034fc000)
--11376--    reading syms   from primary file (36 68)
--11376-- /usr/lib/system/libsystem_coreservices.dylib (rx at 0x103505000, rw at 0x103509000)
--11376--    reading syms   from primary file (14 47)
--11376-- /usr/lib/system/libsystem_darwin.dylib (rx at 0x103511000, rw at 0x10351a000)
--11376--    reading syms   from primary file (63 562)
--11376-- /usr/lib/system/libsystem_dnssd.dylib (rx at 0x103529000, rw at 0x103531000)
--11376--    reading syms   from primary file (40 26)
--11376-- /usr/lib/system/libsystem_featureflags.dylib (rx at 0x103539000, rw at 0x10353b000)
--11376--    reading syms   from primary file (1 12)
--11376-- /usr/lib/system/libsystem_info.dylib (rx at 0x103542000, rw at 0x103590000)
--11376--    reading syms   from primary file (427 715)
--11376-- /usr/lib/system/libsystem_m.dylib (rx at 0x1035a8000, rw at 0x1035f0000)
--11376--    reading syms   from primary file (811 1)
--11376-- /usr/lib/system/libsystem_malloc.dylib (rx at 0x103601000, rw at 0x103629000)
--11376--    reading syms   from primary file (98 470)
--11376-- /usr/lib/system/libsystem_networkextension.dylib (rx at 0x103639000, rw at 0x103647000)
--11376--    reading syms   from primary file (118 242)
--11376-- /usr/lib/system/libsystem_notify.dylib (rx at 0x103657000, rw at 0x103661000)
--11376--    reading syms   from primary file (23 1)
--11376-- /usr/lib/system/libsystem_sandbox.dylib (rx at 0x103669000, rw at 0x10366e000)
--11376--    reading syms   from primary file (112 23)
--11376-- /usr/lib/system/libsystem_secinit.dylib (rx at 0x103677000, rw at 0x10367a000)
--11376--    reading syms   from primary file (5 20)
--11376-- /usr/lib/system/libsystem_kernel.dylib (rx at 0x103681000, rw at 0x1036ae000)
--11376--    reading syms   from primary file (1362 230)
--11376-- /usr/lib/system/libsystem_platform.dylib (rx at 0x1036cd000, rw at 0x1036d6000)
--11376--    reading syms   from primary file (168 103)
--11376-- /usr/lib/system/libsystem_pthread.dylib (rx at 0x1036e0000, rw at 0x1036eb000)
--11376--    reading syms   from primary file (189 143)
--11376-- /usr/lib/system/libsystem_symptoms.dylib (rx at 0x1036f8000, rw at 0x103700000)
--11376--    reading syms   from primary file (10 86)
--11376-- /usr/lib/system/libsystem_trace.dylib (rx at 0x103708000, rw at 0x10371f000)
--11376--    reading syms   from primary file (131 274)
--11376-- /usr/lib/system/libunwind.dylib (rx at 0x103730000, rw at 0x103736000)
--11376--    reading syms   from primary file (102 52)
--11376-- /usr/lib/system/libxpc.dylib (rx at 0x10373f000, rw at 0x103775000)
--11376--    reading syms   from primary file (627 1467)
--11376-- /usr/lib/libc++abi.dylib (rx at 0x1037a3000, rw at 0x1037b9000)
--11376--    reading syms   from primary file (366 704)
--11376-- /usr/lib/libc++.1.dylib (rx at 0x1037d7000, rw at 0x10382a000)
--11376--    reading syms   from primary file (2088 1160)
--11376-- /System/Library/Frameworks/Security.framework/Versions/A/Security (rx at 0x103882000, rw at 0x103bce000)
--11376--    reading syms   from primary file (4064 16082)
--11376-- /System/Library/Frameworks/OpenGL.framework/Versions/A/Libraries/libGLU.dylib (rx at 0x103d8c000, rw at 0x103dc9000)
--11376--    reading syms   from primary file (80 724)
--11376-- /System/Library/Frameworks/OpenGL.framework/Versions/A/Libraries/libGFXShared.dylib (rx at 0x103ddb000, rw at 0x103de4000)
--11376--    reading syms   from primary file (80 46)
--11376-- /usr/lib/libbsm.0.dylib (rx at 0x103ded000, rw at 0x103dfe000)
--11376--    reading syms   from primary file (180 84)
--11376-- /usr/lib/libDiagnosticMessagesClient.dylib (rx at 0x103e2a000, rw at 0x103e2d000)
--11376--    reading syms   from primary file (12 37)
--11376-- /System/Library/Frameworks/IOSurface.framework/Versions/A/IOSurface (rx at 0x103e35000, rw at 0x103e47000)
--11376--    reading syms   from primary file (469 340)
--11376-- /System/Library/Frameworks/CFNetwork.framework/Versions/A/CFNetwork (rx at 0x104992000, rw at 0x104d21000)
--11376--    reading syms   from primary file (1262 1)
--11376-- /System/Library/Frameworks/CoreServices.framework/Versions/A/Frameworks/FSEvents.framework/Versions/A/FSEvents (rx at 0x103e63000, rw at 0x103e6c000)
--11376--    reading syms   from primary file (22 75)
--11376-- /System/Library/Frameworks/CoreServices.framework/Versions/A/Frameworks/CarbonCore.framework/Versions/A/CarbonCore (rx at 0x104e01000, rw at 0x1050e3000)
--11376--    reading syms   from primary file (1824 3578)
--11376-- /System/Library/Frameworks/CoreServices.framework/Versions/A/Frameworks/Metadata.framework/Versions/A/Metadata (rx at 0x103e76000, rw at 0x103f0f000)
--11376--    reading syms   from primary file (1092 2888)
--11376-- /System/Library/Frameworks/CoreServices.framework/Versions/A/Frameworks/OSServices.framework/Versions/A/OSServices (rx at 0x103f8d000, rw at 0x103fbb000)
--11376--    reading syms   from primary file (315 1074)
--11376-- /System/Library/Frameworks/CoreServices.framework/Versions/A/Frameworks/SearchKit.framework/Versions/A/SearchKit (rx at 0x103fe8000, rw at 0x104050000)
--11376--    reading syms   from primary file (324 3623)
--11376-- /System/Library/Frameworks/CoreServices.framework/Versions/A/Frameworks/AE.framework/Versions/A/AE (rx at 0x104093000, rw at 0x104119000)
--11376--    reading syms   from primary file (195 1)
--11376-- /System/Library/Frameworks/CoreServices.framework/Versions/A/Frameworks/LaunchServices.framework/Versions/A/LaunchServices (rx at 0x105160000, rw at 0x10539c000)
--11376--    reading syms   from primary file (949 12518)
--11376-- /System/Library/Frameworks/CoreServices.framework/Versions/A/Frameworks/DictionaryServices.framework/Versions/A/DictionaryServices (rx at 0x105508000, rw at 0x105556000)
--11376--    reading syms   from primary file (141 1706)
--11376-- /System/Library/Frameworks/CoreServices.framework/Versions/A/Frameworks/SharedFileList.framework/Versions/A/SharedFileList (rx at 0x104137000, rw at 0x10415c000)
--11376--    reading syms   from primary file (168 1220)
--11376-- /System/Library/Frameworks/SystemConfiguration.framework/Versions/A/SystemConfiguration (rx at 0x10558d000, rw at 0x105608000)
--11376--    reading syms   from primary file (1035 1038)
--11376-- /usr/lib/libsqlite3.dylib (rx at 0x105645000, rw at 0x105830000)
--11376--    reading syms   from primary file (332 1710)
--11376-- /usr/lib/libz.1.dylib (rx at 0x10585e000, rw at 0x105871000)
--11376--    reading syms   from primary file (79 1)
--11376-- /usr/lib/libxml2.2.dylib (rx at 0x105878000, rw at 0x10595b000)
--11376--    reading syms   from primary file (1700 1257)
--11376-- /usr/lib/libicucore.A.dylib (rx at 0x105995000, rw at 0x105bed000)
--11376--    reading syms   from primary file (7895 1)
--11376-- /usr/lib/libnetwork.dylib (rx at 0x105ce0000, rw at 0x10615d000)
--11376--    reading syms   from primary file (2143 5983)
--11376-- /usr/lib/libapple_nghttp2.dylib (rx at 0x106232000, rw at 0x106249000)
--11376--    reading syms   from primary file (152 1)
--11376-- /usr/lib/libauto.dylib (rx at 0x104185000, rw at 0x104186000)
--11376--    reading syms   from primary file (65 1)
--11376-- /usr/lib/libfakelink.dylib (rx at 0x106253000, rw at 0x106256000)
--11376--    reading syms   from primary file (13 117)
--11376-- /usr/lib/libcompression.dylib (rx at 0x10625d000, rw at 0x106275000)
--11376--    reading syms   from primary file (14 203)
--11376-- /System/Library/Frameworks/DiskArbitration.framework/Versions/A/DiskArbitration (rx at 0x10627f000, rw at 0x106286000)
--11376--    reading syms   from primary file (99 122)
--11376-- /usr/lib/libarchive.2.dylib (rx at 0x106292000, rw at 0x106305000)
--11376--    reading syms   from primary file (408 1)
--11376-- /usr/lib/liblangid.dylib (rx at 0x106318000, rw at 0x10631a000)
--11376--    reading syms   from primary file (20 10)
--11376-- /usr/lib/libCRFSuite.dylib (rx at 0x106321000, rw at 0x106356000)
--11376--    reading syms   from primary file (152 910)
--11376-- /usr/lib/liblzma.5.dylib (rx at 0x106372000, rw at 0x10638b000)
--11376--    reading syms   from primary file (93 193)
--11376-- /usr/lib/libenergytrace.dylib (rx at 0x106395000, rw at 0x106396000)
--11376--    reading syms   from primary file (8 7)
--11376-- /usr/lib/system/libkxld.dylib (rx at 0x10639c000, rw at 0x1063a9000)
--11376--    reading syms   from primary file (13 1)
--11376-- /System/Library/PrivateFrameworks/AppleFSCompression.framework/Versions/A/AppleFSCompression (rx at 0x1063b0000, rw at 0x1063c0000)
--11376--    reading syms   from primary file (39 1)
--11376-- /usr/lib/libcoretls.dylib (rx at 0x1063cb000, rw at 0x1063e2000)
--11376--    reading syms   from primary file (140 241)
--11376-- /usr/lib/libcoretls_cfhelpers.dylib (rx at 0x1063ef000, rw at 0x1063f1000)
--11376--    reading syms   from primary file (21 5)
--11376-- /usr/lib/libpam.2.dylib (rx at 0x1063f9000, rw at 0x1063fe000)
--11376--    reading syms   from primary file (53 21)
--11376-- /usr/lib/libxar.1.dylib (rx at 0x106406000, rw at 0x106414000)
--11376--    reading syms   from primary file (203 23)
--11376-- /usr/lib/libbz2.1.0.dylib (rx at 0x10641f000, rw at 0x10642c000)
--11376--    reading syms   from primary file (24 1)
--11376-- /usr/lib/libiconv.2.dylib (rx at 0x106433000, rw at 0x106524000)
--11376--    reading syms   from primary file (8 1002)
--11376-- /usr/lib/libcharset.1.dylib (rx at 0x106536000, rw at 0x106537000)
--11376--    reading syms   from primary file (2 10)
--11376-- /usr/lib/libpcap.A.dylib (rx at 0x10653d000, rw at 0x106574000)
--11376--    reading syms   from primary file (317 239)
--11376-- /System/Library/Frameworks/NetFS.framework/Versions/A/NetFS (rx at 0x106585000, rw at 0x106592000)
--11376--    reading syms   from primary file (53 134)
--11376-- /System/Library/PrivateFrameworks/NetAuth.framework/Versions/A/NetAuth (rx at 0x10659d000, rw at 0x1065a8000)
--11376--    reading syms   from primary file (145 196)
--11376-- /System/Library/PrivateFrameworks/login.framework/Versions/A/Frameworks/loginsupport.framework/Versions/A/loginsupport (rx at 0x1065b5000, rw at 0x1065b8000)
--11376--    reading syms   from primary file (13 30)
--11376-- /System/Library/PrivateFrameworks/TCC.framework/Versions/A/TCC (rx at 0x1065c0000, rw at 0x1065d1000)
--11376--    reading syms   from primary file (125 291)
--11376-- /System/Library/PrivateFrameworks/CoreNLP.framework/Versions/A/CoreNLP (rx at 0x1065e3000, rw at 0x10664e000)
--11376--    reading syms   from primary file (221 3171)
--11376-- /System/Library/PrivateFrameworks/MetadataUtilities.framework/Versions/A/MetadataUtilities (rx at 0x1066ae000, rw at 0x1066fb000)
--11376--    reading syms   from primary file (221 1238)
--11376-- /usr/lib/libmecabra.dylib (rx at 0x10673f000, rw at 0x1069a2000)
--11376--    reading syms   from primary file (219 1)
--11376-- /usr/lib/libmecab.dylib (rx at 0x106a09000, rw at 0x106ab1000)
--11376--    reading syms   from primary file (32 918)
--11376-- /usr/lib/libgermantok.dylib (rx at 0x106ad0000, rw at 0x106ad6000)
--11376--    reading syms   from primary file (10 17)
--11376-- /usr/lib/libThaiTokenizer.dylib (rx at 0x106add000, rw at 0x106adf000)
--11376--    reading syms   from primary file (45 1)
--11376-- /usr/lib/libChineseTokenizer.dylib (rx at 0x106ae6000, rw at 0x106af1000)
--11376--    reading syms   from primary file (12 321)
--11376-- /System/Library/Frameworks/Accelerate.framework/Versions/A/Frameworks/vImage.framework/Versions/A/vImage (rx at 0x106b01000, rw at 0x107158000)
--11376--    reading syms   from primary file (615 5521)
--11376-- /System/Library/Frameworks/Accelerate.framework/Versions/A/Frameworks/vecLib.framework/Versions/A/libvMisc.dylib (rx at 0x1071c0000, rw at 0x107283000)
--11376--    reading syms   from primary file (594 1)
--11376-- /System/Library/Frameworks/Accelerate.framework/Versions/A/Frameworks/vecLib.framework/Versions/A/libvDSP.dylib (rx at 0x107292000, rw at 0x10746a000)
--11376--    reading syms   from primary file (456 4)
--11376-- /System/Library/Frameworks/Accelerate.framework/Versions/A/Frameworks/vecLib.framework/Versions/A/libBLAS.dylib (rx at 0x10747a000, rw at 0x1076e2000)
--11376--    reading syms   from primary file (804 1)
--11376-- /System/Library/Frameworks/Accelerate.framework/Versions/A/Frameworks/vecLib.framework/Versions/A/libLAPACK.dylib (rx at 0x1076f8000, rw at 0x107a94000)
--11376--    reading syms   from primary file (5890 1)
--11376-- /System/Library/Frameworks/Accelerate.framework/Versions/A/Frameworks/vecLib.framework/Versions/A/libLinearAlgebra.dylib (rx at 0x107ae5000, rw at 0x107afb000)
--11376--    reading syms   from primary file (42 155)
--11376-- /System/Library/Frameworks/Accelerate.framework/Versions/A/Frameworks/vecLib.framework/Versions/A/libSparseBLAS.dylib (rx at 0x107b05000, rw at 0x107b18000)
--11376--    reading syms   from primary file (69 111)
--11376-- /System/Library/Frameworks/Accelerate.framework/Versions/A/Frameworks/vecLib.framework/Versions/A/libQuadrature.dylib (rx at 0x107b22000, rw at 0x107b28000)
--11376--    reading syms   from primary file (1 24)
--11376-- /System/Library/Frameworks/Accelerate.framework/Versions/A/Frameworks/vecLib.framework/Versions/A/libBNNS.dylib (rx at 0x107b2e000, rw at 0x108002000)
--11376--    reading syms   from primary file (37 1)
--11376-- /System/Library/Frameworks/Accelerate.framework/Versions/A/Frameworks/vecLib.framework/Versions/A/libSparse.dylib (rx at 0x10801a000, rw at 0x10808b000)
--11376--    reading syms   from primary file (210 1)
--11376-- /System/Library/PrivateFrameworks/LanguageModeling.framework/Versions/A/LanguageModeling (rx at 0x10809f000, rw at 0x10816e000)
--11376--    reading syms   from primary file (275 1)
--11376-- /System/Library/PrivateFrameworks/CoreEmoji.framework/Versions/A/CoreEmoji (rx at 0x108194000, rw at 0x1081a5000)
--11376--    reading syms   from primary file (34 1)
--11376-- /System/Library/PrivateFrameworks/LinguisticData.framework/Versions/A/LinguisticData (rx at 0x1081b0000, rw at 0x1081b6000)
--11376--    reading syms   from primary file (20 1)
--11376-- /System/Library/PrivateFrameworks/Lexicon.framework/Versions/A/Lexicon (rx at 0x1081c0000, rw at 0x108209000)
--11376--    reading syms   from primary file (80 1)
--11376-- /usr/lib/libcmph.dylib (rx at 0x10821b000, rw at 0x10822d000)
--11376--    reading syms   from primary file (263 122)
--11376-- /System/Library/Frameworks/OpenDirectory.framework/Versions/A/Frameworks/CFOpenDirectory.framework/Versions/A/CFOpenDirectory (rx at 0x108238000, rw at 0x108255000)
--11376--    reading syms   from primary file (522 548)
--11376-- /System/Library/Frameworks/OpenDirectory.framework/Versions/A/OpenDirectory (rx at 0x108277000, rw at 0x108283000)
--11376--    reading syms   from primary file (29 573)
--11376-- /System/Library/PrivateFrameworks/APFS.framework/Versions/A/APFS (rx at 0x10829b000, rw at 0x108361000)
--11376--    reading syms   from primary file (107 1339)
--11376-- /System/Library/Frameworks/SecurityFoundation.framework/Versions/A/SecurityFoundation (rx at 0x10837f000, rw at 0x108408000)
--11376--    reading syms   from primary file (260 4064)
--11376-- /usr/lib/libutil.dylib (rx at 0x108487000, rw at 0x10848b000)
--11376--    reading syms   from primary file (20 33)
--11376-- /System/Library/PrivateFrameworks/CoreServicesStore.framework/Versions/A/CoreServicesStore (rx at 0x108493000, rw at 0x1084c2000)
--11376--    reading syms   from primary file (96 737)
--11376-- /System/Library/Frameworks/ServiceManagement.framework/Versions/A/ServiceManagement (rx at 0x1084e0000, rw at 0x1084e5000)
--11376--    reading syms   from primary file (20 66)
--11376-- /System/Library/PrivateFrameworks/BackgroundTaskManagement.framework/Versions/A/BackgroundTaskManagement (rx at 0x1084ef000, rw at 0x1084f9000)
--11376--    reading syms   from primary file (15 344)
--11376-- /usr/lib/libxslt.1.dylib (rx at 0x108508000, rw at 0x108531000)
--11376--    reading syms   from primary file (248 117)
--11376-- /System/Library/PrivateFrameworks/SkyLight.framework/Versions/A/SkyLight (rx at 0x108540000, rw at 0x108837000)
--11376--    reading syms   from primary file (1541 8848)
--11376-- /System/Library/PrivateFrameworks/FontServices.framework/libFontParser.dylib (rx at 0x108942000, rw at 0x108a7a000)
--11376--    reading syms   from primary file (290 4591)
--11376-- /System/Library/PrivateFrameworks/WatchdogClient.framework/Versions/A/WatchdogClient (rx at 0x108b05000, rw at 0x108b07000)
--11376--    reading syms   from primary file (5 41)
--11376-- /System/Library/Frameworks/CoreDisplay.framework/Versions/A/CoreDisplay (rx at 0x108b0e000, rw at 0x108c41000)
--11376--    reading syms   from primary file (502 3465)
--11376-- /System/Library/PrivateFrameworks/IOAccelerator.framework/Versions/A/IOAccelerator (rx at 0x108cbc000, rw at 0x108cc5000)
--11376--    reading syms   from primary file (214 124)
--11376-- /System/Library/Frameworks/Metal.framework/Versions/A/Metal (rx at 0x108cd3000, rw at 0x108d9e000)
--11376--    reading syms   from primary file (786 28604)
--11376-- /System/Library/Frameworks/MetalPerformanceShaders.framework/Versions/A/MetalPerformanceShaders (rx at 0x108f57000, rw at 0x108f59000)
--11376--    reading syms   from primary file (4 1)
--11376-- /System/Library/PrivateFrameworks/MultitouchSupport.framework/Versions/A/MultitouchSupport (rx at 0x108f5f000, rw at 0x108f90000)
--11376--    reading syms   from primary file (311 320)
--11376-- /System/Library/Frameworks/QuartzCore.framework/Versions/A/QuartzCore (rx at 0x108fa4000, rw at 0x109228000)
--11376--    reading syms   from primary file (1418 10399)
--11376-- /System/Library/PrivateFrameworks/GPUWrangler.framework/Versions/A/GPUWrangler (rx at 0x109356000, rw at 0x10935d000)
--11376--    reading syms   from primary file (41 1)
--11376-- /System/Library/PrivateFrameworks/IOPresentment.framework/Versions/A/IOPresentment (rx at 0x109367000, rw at 0x10937f000)
--11376--    reading syms   from primary file (555 106)
--11376-- /System/Library/PrivateFrameworks/DSExternalDisplay.framework/Versions/A/DSExternalDisplay (rx at 0x10939d000, rw at 0x1093a3000)
--11376--    reading syms   from primary file (15 55)
--11376-- /System/Library/Frameworks/OpenGL.framework/Versions/A/Libraries/libCoreFSCache.dylib (rx at 0x1093ab000, rw at 0x1093b1000)
--11376--    reading syms   from primary file (15 72)
--11376-- /System/Library/Frameworks/MetalPerformanceShaders.framework/Frameworks/MPSCore.framework/Versions/A/MPSCore (rx at 0x1093b9000, rw at 0x1093f7000)
--11376--    reading syms   from primary file (206 1)
--11376-- /System/Library/Frameworks/MetalPerformanceShaders.framework/Frameworks/MPSImage.framework/Versions/A/MPSImage (rx at 0x109419000, rw at 0x1094a4000)
--11376--    reading syms   from primary file (120 1)
--11376-- /System/Library/Frameworks/MetalPerformanceShaders.framework/Frameworks/MPSNeuralNetwork.framework/Versions/A/MPSNeuralNetwork (rx at 0x1094ec000, rw at 0x10964b000)
--11376--    reading syms   from primary file (515 1)
--11376-- /System/Library/Frameworks/MetalPerformanceShaders.framework/Frameworks/MPSMatrix.framework/Versions/A/MPSMatrix (rx at 0x1096d3000, rw at 0x1096f9000)
--11376--    reading syms   from primary file (42 1)
--11376-- /System/Library/Frameworks/MetalPerformanceShaders.framework/Frameworks/MPSRayIntersector.framework/Versions/A/MPSRayIntersector (rx at 0x10970b000, rw at 0x10975b000)
--11376--    reading syms   from primary file (45 1)
--11376-- /System/Library/Frameworks/MetalPerformanceShaders.framework/Frameworks/MPSNDArray.framework/Versions/A/MPSNDArray (rx at 0x109771000, rw at 0x109787000)
--11376--    reading syms   from primary file (337 1)
--11376-- /System/Library/PrivateFrameworks/MetalTools.framework/Versions/A/MetalTools (rx at 0x1097a7000, rw at 0x109879000)
--11376--    reading syms   from primary file (293 19074)
--11376-- /System/Library/PrivateFrameworks/AggregateDictionary.framework/Versions/A/AggregateDictionary (rx at 0x1099a3000, rw at 0x1099a5000)
--11376--    reading syms   from primary file (23 14)
--11376-- /System/Library/PrivateFrameworks/CoreAnalytics.framework/Versions/A/CoreAnalytics (rx at 0x1099ac000, rw at 0x1099ce000)
--11376--    reading syms   from primary file (97 892)
--11376-- /System/Library/PrivateFrameworks/AppleSauce.framework/Versions/A/AppleSauce (rx at 0x1099f4000, rw at 0x109a17000)
--11376--    reading syms   from primary file (27 1)
--11376-- /usr/lib/libMobileGestalt.dylib (rx at 0x109a23000, rw at 0x109a44000)
--11376--    reading syms   from primary file (40 1)
--11376-- /System/Library/PrivateFrameworks/AppleSystemInfo.framework/Versions/A/AppleSystemInfo (rx at 0x109a96000, rw at 0x109a9a000)
--11376--    reading syms   from primary file (19 48)
--11376-- /usr/lib/libIOReport.dylib (rx at 0x109aa4000, rw at 0x109aab000)
--11376--    reading syms   from primary file (56 78)
--11376-- /System/Library/Frameworks/CoreImage.framework/Versions/A/CoreImage (rx at 0x109ab4000, rw at 0x109e10000)
--11376--    reading syms   from primary file (599 20658)
--11376-- /System/Library/Frameworks/CoreVideo.framework/Versions/A/CoreVideo (rx at 0x10a01a000, rw at 0x10a05f000)
--11376--    reading syms   from primary file (365 1273)
--11376-- /System/Library/Frameworks/CoreText.framework/Versions/A/CoreText (rx at 0x10a08e000, rw at 0x10a247000)
--11376--    reading syms   from primary file (741 6379)
--11376-- /System/Library/Frameworks/ImageIO.framework/Versions/A/ImageIO (rx at 0x10a338000, rw at 0x10a497000)
--11376--    reading syms   from primary file (984 5311)
--11376-- /System/Library/Frameworks/ColorSync.framework/Versions/A/ColorSync (rx at 0x10a53b000, rw at 0x10a632000)
--11376--    reading syms   from primary file (286 3965)
--11376-- /System/Library/PrivateFrameworks/GraphVisualizer.framework/Versions/A/GraphVisualizer (rx at 0x10a697000, rw at 0x10a6a6000)
--11376--    reading syms   from primary file (22 291)
--11376-- /System/Library/PrivateFrameworks/FaceCore.framework/Versions/A/FaceCore (rx at 0x10a6b3000, rw at 0x10aacf000)
--11376--    reading syms   from primary file (39 1)
--11376-- /System/Library/Frameworks/OpenCL.framework/Versions/A/OpenCL (rx at 0x10acd5000, rw at 0x10ad2e000)
--11376--    reading syms   from primary file (160 7)
--11376-- /usr/lib/libFosl_dynamic.dylib (rx at 0x10ad49000, rw at 0x10af01000)
--11376--    reading syms   from primary file (79 1)
--11376-- /System/Library/PrivateFrameworks/OTSVG.framework/Versions/A/OTSVG (rx at 0x10af2f000, rw at 0x10af7b000)
--11376--    reading syms   from primary file (15 1226)
--11376-- /System/Library/Frameworks/ApplicationServices.framework/Versions/A/Frameworks/ATS.framework/Versions/A/Resources/libFontRegistry.dylib (rx at 0x10afc8000, rw at 0x10b007000)
--11376--    reading syms   from primary file (156 1621)
--11376-- /usr/lib/libate.dylib (rx at 0x10b041000, rw at 0x10b0db000)
--11376--    reading syms   from primary file (19 625)
--11376-- /System/Library/Frameworks/ImageIO.framework/Versions/A/Resources/libJPEG.dylib (rx at 0x10b0eb000, rw at 0x10b10f000)
--11376--    reading syms   from primary file (95 249)
--11376-- /System/Library/Frameworks/ImageIO.framework/Versions/A/Resources/libTIFF.dylib (rx at 0x10b119000, rw at 0x10b160000)
--11376--    reading syms   from primary file (35 809)
--11376-- /System/Library/Frameworks/ImageIO.framework/Versions/A/Resources/libPng.dylib (rx at 0x10b173000, rw at 0x10b18e000)
--11376--    reading syms   from primary file (94 253)
--11376-- /System/Library/Frameworks/ImageIO.framework/Versions/A/Resources/libGIF.dylib (rx at 0x10b199000, rw at 0x10b19d000)
--11376--    reading syms   from primary file (36 23)
--11376-- /System/Library/Frameworks/ImageIO.framework/Versions/A/Resources/libJP2.dylib (rx at 0x10b1a4000, rw at 0x10b25e000)
--11376--    reading syms   from primary file (16 2617)
--11376-- /System/Library/Frameworks/ImageIO.framework/Versions/A/Resources/libRadiance.dylib (rx at 0x10b290000, rw at 0x10b292000)
--11376--    reading syms   from primary file (4 5)
--11376-- /usr/lib/libexpat.1.dylib (rx at 0x10b298000, rw at 0x10b2b3000)
--11376--    reading syms   from primary file (68 308)
--11376-- /System/Library/PrivateFrameworks/AppleJPEG.framework/Versions/A/AppleJPEG (rx at 0x10b2bf000, rw at 0x10b308000)
--11376--    reading syms   from primary file (105 532)
--11376-- /System/Library/Frameworks/ApplicationServices.framework/Versions/A/Frameworks/ATS.framework/Versions/A/ATS (rx at 0x10b317000, rw at 0x10b383000)
--11376--    reading syms   from primary file (414 1475)
--11376-- /System/Library/Frameworks/ApplicationServices.framework/Versions/A/Frameworks/ColorSyncLegacy.framework/Versions/A/ColorSyncLegacy (rx at 0x10b3b3000, rw at 0x10b3b8000)
--11376--    reading syms   from primary file (125 112)
--11376-- /System/Library/Frameworks/ApplicationServices.framework/Versions/A/Frameworks/HIServices.framework/Versions/A/HIServices (rx at 0x10b3c2000, rw at 0x10b41a000)
--11376--    reading syms   from primary file (545 1342)
--11376-- /System/Library/Frameworks/ApplicationServices.framework/Versions/A/Frameworks/LangAnalysis.framework/Versions/A/LangAnalysis (rx at 0x10b458000, rw at 0x10b467000)
--11376--    reading syms   from primary file (90 266)
--11376-- /System/Library/Frameworks/ApplicationServices.framework/Versions/A/Frameworks/PrintCore.framework/Versions/A/PrintCore (rx at 0x10b477000, rw at 0x10b4bd000)
--11376--    reading syms   from primary file (403 1070)
--11376-- /System/Library/Frameworks/ApplicationServices.framework/Versions/A/Frameworks/QD.framework/Versions/A/QD (rx at 0x10b4ea000, rw at 0x10b4f5000)
--11376--    reading syms   from primary file (829 60)
--11376-- /System/Library/Frameworks/ApplicationServices.framework/Versions/A/Frameworks/SpeechSynthesis.framework/Versions/A/SpeechSynthesis (rx at 0x10b50d000, rw at 0x10b51b000)
--11376--    reading syms   from primary file (173 411)
--11376-- /System/Library/PrivateFrameworks/FontServices.framework/libhvf.dylib (rx at 0x10b533000, rw at 0x10b544000)
--11376--    reading syms   from primary file (43 196)
--11376-- /System/Library/Frameworks/ApplicationServices.framework/Versions/A/Frameworks/ATSUI.framework/Versions/A/ATSUI (rx at 0x10b565000, rw at 0x10b595000)
--11376--    reading syms   from primary file (146 465)
--11376-- /usr/lib/libcups.2.dylib (rx at 0x10b5aa000, rw at 0x10b60a000)
--11376--    reading syms   from primary file (599 1)
--11376-- /System/Library/Frameworks/Kerberos.framework/Versions/A/Kerberos (rx at 0x10b626000, rw at 0x10b639000)
--11376--    reading syms   from primary file (799 170)
--11376-- /System/Library/Frameworks/GSS.framework/Versions/A/GSS (rx at 0x10b654000, rw at 0x10b6a5000)
--11376--    reading syms   from primary file (267 5161)
--11376-- /usr/lib/libresolv.9.dylib (rx at 0x10b6e9000, rw at 0x10b702000)
--11376--    reading syms   from primary file (145 119)
--11376-- /System/Library/PrivateFrameworks/Heimdal.framework/Versions/A/Heimdal (rx at 0x10b70e000, rw at 0x10b7cd000)
--11376--    reading syms   from primary file (1258 15918)
--11376-- /usr/lib/libheimdal-asn1.dylib (rx at 0x10b877000, rw at 0x10b881000)
--11376--    reading syms   from primary file (143 707)
--11376-- /System/Library/PrivateFrameworks/CommonAuth.framework/Versions/A/CommonAuth (rx at 0x10b88e000, rw at 0x10b89f000)
--11376--    reading syms   from primary file (76 1083)
--11376-- /System/Library/Frameworks/CoreAudio.framework/Versions/A/CoreAudio (rx at 0x10b8ae000, rw at 0x10bdb8000)
--11376--    reading syms   from primary file (568 27448)
--11376-- /System/Library/Frameworks/AudioToolbox.framework/Versions/A/AudioToolbox (rx at 0x10c190000, rw at 0x10c272000)
--11376--    reading syms   from primary file (566 3709)
--11376-- /System/Library/PrivateFrameworks/AssertionServices.framework/Versions/A/AssertionServices (rx at 0x10c2e2000, rw at 0x10c2f2000)
--11376--    reading syms   from primary file (60 490)
--11376-- /System/Library/PrivateFrameworks/AudioToolboxCore.framework/Versions/A/AudioToolboxCore (rx at 0x10c308000, rw at 0x10c54a000)
--11376--    reading syms   from primary file (1173 13747)
--11376-- /System/Library/PrivateFrameworks/caulk.framework/Versions/A/caulk (rx at 0x10c786000, rw at 0x10c795000)
--11376--    reading syms   from primary file (217 626)
--11376-- /System/Library/PrivateFrameworks/BaseBoard.framework/Versions/A/BaseBoard (rx at 0x10c7bf000, rw at 0x10c84c000)
--11376--    reading syms   from primary file (550 4627)
--11376-- /System/Library/PrivateFrameworks/RunningBoardServices.framework/Versions/A/RunningBoardServices (rx at 0x10c8dc000, rw at 0x10c918000)
--11376--    reading syms   from primary file (203 2596)
--11376-- /System/Library/PrivateFrameworks/PersistentConnection.framework/Versions/A/PersistentConnection (rx at 0x10c967000, rw at 0x10c990000)
--11376--    reading syms   from primary file (161 1)
--11376-- /System/Library/PrivateFrameworks/ProtocolBuffer.framework/Versions/A/ProtocolBuffer (rx at 0x10c9ac000, rw at 0x10c9c6000)
--11376--    reading syms   from primary file (188 529)
--11376-- /System/Library/PrivateFrameworks/CommonUtilities.framework/Versions/A/CommonUtilities (rx at 0x10c9e2000, rw at 0x10c9fa000)
--11376--    reading syms   from primary file (99 1)
--11376-- /System/Library/PrivateFrameworks/Bom.framework/Versions/A/Bom (rx at 0x10ca0f000, rw at 0x10ca4c000)
--11376--    reading syms   from primary file (432 374)
--11376-- /usr/lib/libAudioToolboxUtility.dylib (rx at 0x10ca61000, rw at 0x10ca95000)
--11376--    reading syms   from primary file (745 583)
--11376-- /System/Library/Frameworks/OpenGL.framework/Versions/A/Libraries/libGLImage.dylib (rx at 0x10cabf000, rw at 0x10caf4000)
--11376--    reading syms   from primary file (21 121)
--11376-- /System/Library/Frameworks/OpenGL.framework/Versions/A/Libraries/libCVMSPluginSupport.dylib (rx at 0x10cafe000, rw at 0x10cb01000)
--11376--    reading syms   from primary file (33 31)
--11376-- /System/Library/Frameworks/OpenGL.framework/Versions/A/Libraries/libCoreVMClient.dylib (rx at 0x10cb08000, rw at 0x10cb0d000)
--11376--    reading syms   from primary file (37 71)
--11376-- /usr/lib/libncurses.5.4.dylib (rx at 0x10cb16000, rw at 0x10cb46000)
--11376--    reading syms   from primary file (613 1)
--11376-- /System/Library/Frameworks/CoreData.framework/Versions/A/CoreData (rx at 0x10cb5a000, rw at 0x10cf45000)
--11376--    reading syms   from primary file (293 19137)
--11376-- /System/Library/PrivateFrameworks/UIFoundation.framework/Versions/A/UIFoundation (rx at 0x10d16e000, rw at 0x10d3c7000)
--11376--    reading syms   from primary file (1228 11656)
--11376-- /System/Library/PrivateFrameworks/RemoteViewServices.framework/Versions/A/RemoteViewServices (rx at 0x10d549000, rw at 0x10d573000)
--11376--    reading syms   from primary file (251 825)
--11376-- /System/Library/PrivateFrameworks/XCTTargetBootstrap.framework/Versions/A/XCTTargetBootstrap (rx at 0x10d59f000, rw at 0x10d5a3000)
--11376--    reading syms   from primary file (11 118)
--11376-- /System/Library/PrivateFrameworks/DesktopServicesPriv.framework/Versions/A/DesktopServicesPriv (rx at 0x10d5ad000, rw at 0x10d736000)
--11376--    reading syms   from primary file (536 10441)
--11376-- /System/Library/PrivateFrameworks/CoreSVG.framework/Versions/A/CoreSVG (rx at 0x10d827000, rw at 0x10d84b000)
--11376--    reading syms   from primary file (179 923)
--11376-- /System/Library/PrivateFrameworks/IconServices.framework/Versions/A/IconServices (rx at 0x10d869000, rw at 0x10d8b5000)
--11376--    reading syms   from primary file (151 2699)
--11376-- /System/Library/PrivateFrameworks/DFRFoundation.framework/Versions/A/DFRFoundation (rx at 0x10d905000, rw at 0x10d918000)
--11376--    reading syms   from primary file (148 482)
--11376-- /System/Library/PrivateFrameworks/DataDetectorsCore.framework/Versions/A/DataDetectorsCore (rx at 0x10d93c000, rw at 0x10d9b7000)
--11376--    reading syms   from primary file (301 2054)
--11376-- /System/Library/Frameworks/Carbon.framework/Versions/A/Frameworks/HIToolbox.framework/Versions/A/HIToolbox (rx at 0x10da02000, rw at 0x10dcf7000)
--11376--    reading syms   from primary file (1195 16144)
--11376-- /System/Library/Frameworks/Carbon.framework/Versions/A/Frameworks/SpeechRecognition.framework/Versions/A/SpeechRecognition (rx at 0x10de80000, rw at 0x10de87000)
--11376--    reading syms   from primary file (95 95)
--11376-- /System/Library/PrivateFrameworks/CoreUI.framework/Versions/A/CoreUI (rx at 0x10de92000, rw at 0x10dfbf000)
--11376--    reading syms   from primary file (1431 6692)
--11376-- /System/Library/PrivateFrameworks/PerformanceAnalysis.framework/Versions/A/PerformanceAnalysis (rx at 0x10e1fe000, rw at 0x10e20a000)
--11376--    reading syms   from primary file (123 301)
--11376-- /System/Library/PrivateFrameworks/TextureIO.framework/Versions/A/TextureIO (rx at 0x10e226000, rw at 0x10e2ed000)
--11376--    reading syms   from primary file (64 2153)
--11376-- /System/Library/PrivateFrameworks/InternationalSupport.framework/Versions/A/InternationalSupport (rx at 0x10e315000, rw at 0x10e31d000)
--11376--    reading syms   from primary file (4 117)
--11376-- /System/Library/PrivateFrameworks/Backup.framework/Versions/A/Backup (rx at 0x10e329000, rw at 0x10e3cb000)
--11376--    reading syms   from primary file (110 5437)
--11376-- /System/Library/PrivateFrameworks/CrashReporterSupport.framework/Versions/A/CrashReporterSupport (rx at 0x10e45d000, rw at 0x10e471000)
--11376--    reading syms   from primary file (249 207)
--11376-- /System/Library/PrivateFrameworks/Sharing.framework/Versions/A/Sharing (rx at 0x10e489000, rw at 0x10e5b1000)
--11376--    reading syms   from primary file (882 8872)
--11376-- /System/Library/PrivateFrameworks/Apple80211.framework/Versions/A/Apple80211 (rx at 0x10e6ae000, rw at 0x10e6d3000)
--11376--    reading syms   from primary file (39 97)
--11376-- /System/Library/PrivateFrameworks/AuthKit.framework/Versions/A/AuthKit (rx at 0x10e6e2000, rw at 0x10e7ff000)
--11376--    reading syms   from primary file (485 4541)
--11376-- /System/Library/PrivateFrameworks/CoreUtils.framework/Versions/A/CoreUtils (rx at 0x10e88d000, rw at 0x10ea47000)
--11376--    reading syms   from primary file (1441 9120)
--11376-- /System/Library/Frameworks/CoreWLAN.framework/Versions/A/CoreWLAN (rx at 0x10eb57000, rw at 0x10ebe5000)
--11376--    reading syms   from primary file (436 3122)
--11376-- /System/Library/Frameworks/IOBluetooth.framework/Versions/A/IOBluetooth (rx at 0x10ec4b000, rw at 0x10ed60000)
--11376--    reading syms   from primary file (1181 3631)
--11376-- /System/Library/PrivateFrameworks/MobileKeyBag.framework/Versions/A/MobileKeyBag (rx at 0x10edfb000, rw at 0x10ee1a000)
--11376--    reading syms   from primary file (90 962)
--11376-- /System/Library/PrivateFrameworks/CorePhoneNumbers.framework/Versions/A/CorePhoneNumbers (rx at 0x10ee36000, rw at 0x10ee3f000)
--11376--    reading syms   from primary file (73 67)
--11376-- /System/Library/PrivateFrameworks/AppleIDAuthSupport.framework/Versions/A/AppleIDAuthSupport (rx at 0x10ee49000, rw at 0x10ee55000)
--11376--    reading syms   from primary file (98 185)
--11376-- /System/Library/Frameworks/Network.framework/Versions/A/Network (rx at 0x10ee65000, rw at 0x10efbd000)
--11376--    reading syms   from primary file (170 5725)
--11376-- /System/Library/PrivateFrameworks/KeychainCircle.framework/Versions/A/KeychainCircle (rx at 0x10f073000, rw at 0x10f093000)
--11376--    reading syms   from primary file (121 869)
--11376-- /System/Library/Frameworks/CoreBluetooth.framework/Versions/A/CoreBluetooth (rx at 0x10f0b6000, rw at 0x10f0ef000)
--11376--    reading syms   from primary file (274 1243)
--11376-- /System/Library/PrivateFrameworks/SpeechRecognitionCore.framework/Versions/A/SpeechRecognitionCore (rx at 0x10f120000, rw at 0x10f12f000)
--11376--    reading syms   from primary file (33 477)
--11376-- REDIR: 0x1036ce3a0 (libsystem_platform.dylib:_platform_memcmp) redirected to 0x1001a28b5 (_platform_memcmp)
--11376-- REDIR: 0x1036cdc00 (libsystem_platform.dylib:_platform_strncmp) redirected to 0x1001a2249 (_platform_strncmp)
--11376-- REDIR: 0x1036cd800 (libsystem_platform.dylib:_platform_strcmp) redirected to 0x1001a22c3 (_platform_strcmp)
--11376-- REDIR: 0x103601ce0 (libsystem_malloc.dylib:malloc) redirected to 0x1001a04d0 (malloc)
--11376-- REDIR: 0x1036029b1 (libsystem_malloc.dylib:free) redirected to 0x1001a08ac (free)
--11376-- REDIR: 0x103603ec1 (libsystem_malloc.dylib:calloc) redirected to 0x1001a0ae6 (calloc)
--11376-- REDIR: 0x103603d67 (libsystem_malloc.dylib:realloc) redirected to 0x1001a0e64 (realloc)
--11376-- REDIR: 0x103604087 (libsystem_malloc.dylib:malloc_default_zone) redirected to 0x1001a1819 (malloc_default_zone)
--11376-- REDIR: 0x103601d12 (libsystem_malloc.dylib:malloc_zone_malloc) redirected to 0x1001a0738 (malloc_zone_malloc)
--11376-- REDIR: 0x103603ef6 (libsystem_malloc.dylib:malloc_zone_calloc) redirected to 0x1001a0cd2 (malloc_zone_calloc)
--11376-- REDIR: 0x10360408f (libsystem_malloc.dylib:malloc_zone_from_ptr) redirected to 0x1001a185a (malloc_zone_from_ptr)
--11376-- REDIR: 0x1036ce300 (libsystem_platform.dylib:_platform_strchr$VARIANT$Haswell) redirected to 0x1001a1acd (_platform_strchr$VARIANT$Haswell)
--11376-- UNKNOWN mach_msg unhandled MACH_SEND_TRAILER option
--11376-- UNKNOWN mach_msg unhandled MACH_SEND_TRAILER option (repeated 2 times)
--11376-- UNKNOWN mach_msg unhandled MACH_SEND_TRAILER option (repeated 4 times)
--11376-- UNKNOWN mach_msg unhandled MACH_SEND_TRAILER option (repeated 8 times)
--11376-- REDIR: 0x1034970bc (libsystem_c.dylib:strrchr) redirected to 0x1001a1a6b (strrchr)
--11376-- REDIR: 0x1036ce1a0 (libsystem_platform.dylib:_platform_memchr$VARIANT$Haswell) redirected to 0x1001a2334 (_platform_memchr$VARIANT$Haswell)
--11376-- REDIR: 0x10360902e (libsystem_malloc.dylib:malloc_zone_memalign) redirected to 0x1001a13e2 (malloc_zone_memalign)
UNKNOWN workq_ops option 1024
